<?xml version="1.0" encoding="UTF-8"?>
<!-- Generated by org.testng.reporters.JUnitReportReporter -->
<testsuite hostname="IN-13NL2J3" failures="0" tests="2" name="nagpfirst.Assertions" time="0.016" errors="0" timestamp="2023-04-12T16:57:06 IST" skipped="0">
  <testcase classname="nagpfirst.Assertions" name="softAssert" time="0.004"/>
  <system-out/>
  <testcase classname="nagpfirst.Assertions" name="hardassertion" time="0.012"/>
  <system-out/>
</testsuite> <!-- nagpfirst.Assertions -->
