<?xml version="1.0" encoding="UTF-8"?>
<!-- Generated by org.testng.reporters.JUnitReportReporter -->
<testsuite hostname="IN-13NL2J3" failures="0" tests="6" name="nagpfirst.Ngclass" time="0.012" errors="0" timestamp="2023-04-13T10:02:35 IST" skipped="0">
  <testcase classname="nagpfirst.Ngclass" name="method6" time="0.002"/>
  <system-out/>
  <testcase classname="nagpfirst.Ngclass" name="method7" time="0.001"/>
  <system-out/>
  <testcase classname="nagpfirst.Ngclass" name="method9" time="0.002"/>
  <system-out/>
  <testcase classname="nagpfirst.Ngclass" name="method8" time="0.000"/>
  <system-out/>
  <testcase classname="nagpfirst.Ngclass" name="method5" time="0.006"/>
  <system-out/>
  <testcase classname="nagpfirst.Ngclass" name="method10" time="0.001"/>
  <system-out/>
</testsuite> <!-- nagpfirst.Ngclass -->
